d:\repos\hevc\h265lib\debug\h265lib.pdb
d:\repos\hevc\h265lib\debug\h265lib.idb
d:\repos\hevc\h265lib\debug\ctuencoder.obj
d:\repos\hevc\h265lib\debug\cuencoder.obj
d:\repos\hevc\h265lib\debug\deblockingfilter.obj
d:\repos\hevc\h265lib\debug\intramode.obj
d:\repos\hevc\h265lib\debug\intrapred.obj
d:\repos\hevc\h265lib\debug\partitioningstrategy.obj
d:\repos\hevc\h265lib\debug\picture.obj
d:\repos\hevc\h265lib\debug\pu.obj
d:\repos\hevc\h265lib\debug\quadtree.obj
d:\repos\hevc\h265lib\debug\pictureencoder.obj
d:\repos\hevc\h265lib\debug\quant.obj
d:\repos\hevc\h265lib\debug\rdcost.obj
d:\repos\hevc\h265lib\debug\slice.obj
d:\repos\hevc\h265lib\debug\sliceencoder.obj
d:\repos\hevc\h265lib\debug\transform.obj
d:\repos\hevc\h265lib\debug\tu.obj
d:\repos\hevc\h265lib\debug\calc.obj
d:\repos\hevc\h265lib\debug\pictureparameterset.obj
d:\repos\hevc\h265lib\debug\sequenceparameterset.obj
d:\repos\hevc\h265lib\debug\videoparameterset.obj
d:\repos\hevc\h265lib\debug\fileio.obj
d:\repos\hevc\h265lib\debug\logger.obj
d:\repos\hevc\h265lib\debug\pb.obj
d:\repos\hevc\h265lib\debug\tb.obj
d:\repos\hevc\h265lib\debug\binarization.obj
d:\repos\hevc\h265lib\debug\coeffgroup.obj
d:\repos\hevc\h265lib\debug\ctu.obj
d:\repos\hevc\h265lib\debug\cu.obj
d:\repos\hevc\h265lib\debug\calcimpl.obj
d:\repos\hevc\h265lib\debug\bitset.obj
d:\repos\hevc\h265lib\debug\blockbase.obj
d:\repos\hevc\debug\h265lib.lib
d:\repos\hevc\debug\h265lib.pdb
d:\repos\hevc\h265lib\debug\h265lib.tlog\cl.command.1.tlog
d:\repos\hevc\h265lib\debug\h265lib.tlog\cl.read.1.tlog
d:\repos\hevc\h265lib\debug\h265lib.tlog\cl.write.1.tlog
d:\repos\hevc\h265lib\debug\h265lib.tlog\lib-link.read.1.tlog
d:\repos\hevc\h265lib\debug\h265lib.tlog\lib-link.write.1.tlog
d:\repos\hevc\h265lib\debug\h265lib.tlog\lib.command.1.tlog
