d:\repos\hevc\h265lib\release\vc120.pdb
d:\repos\hevc\h265lib\release\utils.obj
d:\repos\hevc\h265lib\release\tu.obj
d:\repos\hevc\h265lib\release\transform.obj
d:\repos\hevc\h265lib\release\tile.obj
d:\repos\hevc\h265lib\release\slice.obj
d:\repos\hevc\h265lib\release\seqpicparameters.obj
d:\repos\hevc\h265lib\release\rdcost.obj
d:\repos\hevc\h265lib\release\quant.obj
d:\repos\hevc\h265lib\release\quadtree.obj
d:\repos\hevc\h265lib\release\pu.obj
d:\repos\hevc\h265lib\release\picture.obj
d:\repos\hevc\h265lib\release\partitioningstrategy.obj
d:\repos\hevc\h265lib\release\logger.obj
d:\repos\hevc\h265lib\release\intrapred.obj
d:\repos\hevc\h265lib\release\intramode.obj
d:\repos\hevc\h265lib\release\deblockingfilter.obj
d:\repos\hevc\h265lib\release\cu.obj
d:\repos\hevc\h265lib\release\ctu.obj
d:\repos\hevc\h265lib\release\coeffgroup.obj
d:\repos\hevc\h265lib\release\binarization.obj
d:\repos\hevc\release\h265lib.lib
d:\repos\hevc\h265lib\release\h265lib.tlog\cl.command.1.tlog
d:\repos\hevc\h265lib\release\h265lib.tlog\cl.read.1.tlog
d:\repos\hevc\h265lib\release\h265lib.tlog\cl.write.1.tlog
d:\repos\hevc\h265lib\release\h265lib.tlog\lib-link.read.1.tlog
d:\repos\hevc\h265lib\release\h265lib.tlog\lib-link.write.1.tlog
d:\repos\hevc\h265lib\release\h265lib.tlog\lib.command.1.tlog
